<?xml version="1.0" encoding="UTF-8"?>
<!-- Generated by org.testng.reporters.JUnitReportReporter -->
<testsuite hostname="LAPTOP-A3VH180C" failures="0" tests="1" name="examples.Reg01Test" time="0.017" errors="0" timestamp="2022-07-28T20:47:12 IST" skipped="0">
  <testcase classname="examples.Reg01Test" name="e" time="0.017"/>
  <system-out>
    <![CDATA[End2End Test]]>
  </system-out>
</testsuite> <!-- examples.Reg01Test -->
