<?xml version="1.0" encoding="UTF-8"?>
<!-- Generated by org.testng.reporters.JUnitReportReporter -->
<testsuite hostname="LAPTOP-A3VH180C" failures="0" tests="1" name="examples.UtubeExamples" time="5.509" errors="0" timestamp="2022-08-15T16:49:00 IST" skipped="0">
  <testcase classname="examples.UtubeExamples" name="formRegister" time="5.509"/>
  <system-out/>
</testsuite> <!-- examples.UtubeExamples -->
