<?xml version="1.0" encoding="UTF-8"?>
<!-- Generated by org.testng.reporters.JUnitReportReporter -->
<testsuite hostname="LAPTOP-A3VH180C" failures="0" tests="2" name="examples.Reg3Test" time="0.029" errors="0" timestamp="2022-07-28T20:47:12 IST" skipped="0">
  <testcase classname="examples.Reg3Test" name="x" time="0.013"/>
  <system-out>
    <![CDATA[End2End Test]]>
  </system-out>
  <testcase classname="examples.Reg3Test" name="y" time="0.016"/>
  <system-out>
    <![CDATA[Smoke  and End2End Test]]>
  </system-out>
</testsuite> <!-- examples.Reg3Test -->
