<?xml version="1.0" encoding="UTF-8"?>
<!-- Generated by org.testng.reporters.JUnitReportReporter -->
<testsuite hostname="LAPTOP-A3VH180C" failures="0" tests="1" name="examples.SoftsuaveTest" time="35.743" errors="0" timestamp="2022-07-28T20:40:36 IST" skipped="0">
  <testcase classname="examples.SoftsuaveTest" name="Test" time="35.743"/>
  <system-out>
    <![CDATA[Test Case is Started 
Chrome invoked and Navigated to URL 
First radio button is clicked successfully 
String Entered to the TextBox Successfully
First position of Dropdown selected Successfully
First CheckBox is selected Successfully
Second CheckBox is selected Successfully
Third CheckBox is selected Successfully
Navigated to child window
Title of Child window Fetched Successfully
Child Window Closed Successfully
Navigated to Parent Window
Clicked on Switch Tab Success
Navigated to child2 window
Title of Child2 window Fetched Successfully
Child2 Window Closed Successfully
Navigated to Parent2 Window
Clicked Alert Button
Fetched Alert Error Message
Alert Popup is closed
Adding of all Amounts from WebTable Success
String Entered in Test Box
String Fetched from Entered Test Box
Fetched All Employe Names
Fetched All Employes Positions Names
Fetched All Employes Cityes Names
Fetched All Employes Amount Sum
All TestCases are Executed Successfully]]>
  </system-out>
</testsuite> <!-- examples.SoftsuaveTest -->
